This file contains any messages produced by compilers while
running configure, to aid debugging if configure makes a mistake.

It was created by difx2fits configure 3.0, which was
generated by GNU Autoconf 2.61.  Invocation command line was

  $ ./configure --prefix=/home/rjc/difx

## --------- ##
## Platform. ##
## --------- ##

hostname = smm-pc
uname -m = i686
uname -r = 2.6.18-6-686
uname -s = Linux
uname -v = #1 SMP Thu May 8 07:34:27 UTC 2008

/usr/bin/uname -p = unknown
/bin/uname -X     = unknown

/bin/arch              = i686
/usr/bin/arch -k       = unknown
/usr/convex/getsysinfo = unknown
/usr/bin/hostinfo      = unknown
/bin/machine           = unknown
/usr/bin/oslevel       = unknown
/bin/universe          = unknown

PATH: /home/rjc/difx/bin
PATH: /usr/local/difx/bin
PATH: /usr/local/bin
PATH: /usr/bin
PATH: /bin
PATH: /usr/games
PATH: .
PATH: /home/rjc/bin
PATH: /home/rjc/script


## ----------- ##
## Core tests. ##
## ----------- ##

configure:1800: checking for gcc
configure:1816: found /usr/bin/gcc
configure:1827: result: gcc
configure:2065: checking for C compiler version
configure:2072: gcc --version >&5
gcc (GCC) 4.1.2 20061115 (prerelease) (Debian 4.1.1-21)
Copyright (C) 2006 Free Software Foundation, Inc.
This is free software; see the source for copying conditions.  There is NO
warranty; not even for MERCHANTABILITY or FITNESS FOR A PARTICULAR PURPOSE.

configure:2075: $? = 0
configure:2082: gcc -v >&5
Using built-in specs.
Target: i486-linux-gnu
Configured with: ../src/configure -v --enable-languages=c,c++,fortran,objc,obj-c++,treelang --prefix=/usr --enable-shared --with-system-zlib --libexecdir=/usr/lib --without-included-gettext --enable-threads=posix --enable-nls --program-suffix=-4.1 --enable-__cxa_atexit --enable-clocale=gnu --enable-libstdcxx-debug --enable-mpfr --with-tune=i686 --enable-checking=release i486-linux-gnu
Thread model: posix
gcc version 4.1.2 20061115 (prerelease) (Debian 4.1.1-21)
configure:2085: $? = 0
configure:2092: gcc -V >&5
gcc: '-V' option must have argument
configure:2095: $? = 1
configure:2118: checking for C compiler default output file name
configure:2145: gcc    conftest.c  >&5
configure:2148: $? = 0
configure:2186: result: a.out
configure:2203: checking whether the C compiler works
configure:2213: ./a.out
configure:2216: $? = 0
configure:2233: result: yes
configure:2240: checking whether we are cross compiling
configure:2242: result: no
configure:2245: checking for suffix of executables
configure:2252: gcc -o conftest    conftest.c  >&5
configure:2255: $? = 0
configure:2279: result: 
configure:2285: checking for suffix of object files
configure:2311: gcc -c   conftest.c >&5
configure:2314: $? = 0
configure:2337: result: o
configure:2341: checking whether we are using the GNU C compiler
configure:2370: gcc -c   conftest.c >&5
configure:2376: $? = 0
configure:2393: result: yes
configure:2398: checking whether gcc accepts -g
configure:2428: gcc -c -g  conftest.c >&5
configure:2434: $? = 0
configure:2533: result: yes
configure:2550: checking for gcc option to accept ISO C89
configure:2624: gcc  -c -g -O2  conftest.c >&5
configure:2630: $? = 0
configure:2653: result: none needed
configure:2677: checking how to run the C preprocessor
configure:2717: gcc -E  conftest.c
configure:2723: $? = 0
configure:2754: gcc -E  conftest.c
conftest.c:8:28: error: ac_nonexistent.h: No such file or directory
configure:2760: $? = 1
configure: failed program was:
| /* confdefs.h.  */
| #define PACKAGE_NAME "difx2fits"
| #define PACKAGE_TARNAME "difx2fits"
| #define PACKAGE_VERSION "3.0"
| #define PACKAGE_STRING "difx2fits 3.0"
| #define PACKAGE_BUGREPORT "Walter Brisken <wbrisken@nrao.edu>"
| /* end confdefs.h.  */
| #include <ac_nonexistent.h>
configure:2793: result: gcc -E
configure:2822: gcc -E  conftest.c
configure:2828: $? = 0
configure:2859: gcc -E  conftest.c
conftest.c:8:28: error: ac_nonexistent.h: No such file or directory
configure:2865: $? = 1
configure: failed program was:
| /* confdefs.h.  */
| #define PACKAGE_NAME "difx2fits"
| #define PACKAGE_TARNAME "difx2fits"
| #define PACKAGE_VERSION "3.0"
| #define PACKAGE_STRING "difx2fits 3.0"
| #define PACKAGE_BUGREPORT "Walter Brisken <wbrisken@nrao.edu>"
| /* end confdefs.h.  */
| #include <ac_nonexistent.h>
configure:2903: checking for grep that handles long lines and -e
configure:2977: result: /bin/grep
configure:2982: checking for egrep
configure:3060: result: /bin/grep -E
configure:3065: checking for ANSI C header files
configure:3095: gcc -c -g -O2  conftest.c >&5
configure:3101: $? = 0
configure:3200: gcc -o conftest -g -O2   conftest.c  >&5
configure:3203: $? = 0
configure:3209: ./conftest
configure:3212: $? = 0
configure:3229: result: yes
configure:3253: checking for sys/types.h
configure:3274: gcc -c -g -O2  conftest.c >&5
configure:3280: $? = 0
configure:3296: result: yes
configure:3253: checking for sys/stat.h
configure:3274: gcc -c -g -O2  conftest.c >&5
configure:3280: $? = 0
configure:3296: result: yes
configure:3253: checking for stdlib.h
configure:3274: gcc -c -g -O2  conftest.c >&5
configure:3280: $? = 0
configure:3296: result: yes
configure:3253: checking for string.h
configure:3274: gcc -c -g -O2  conftest.c >&5
configure:3280: $? = 0
configure:3296: result: yes
configure:3253: checking for memory.h
configure:3274: gcc -c -g -O2  conftest.c >&5
configure:3280: $? = 0
configure:3296: result: yes
configure:3253: checking for strings.h
configure:3274: gcc -c -g -O2  conftest.c >&5
configure:3280: $? = 0
configure:3296: result: yes
configure:3253: checking for inttypes.h
configure:3274: gcc -c -g -O2  conftest.c >&5
configure:3280: $? = 0
configure:3296: result: yes
configure:3253: checking for stdint.h
configure:3274: gcc -c -g -O2  conftest.c >&5
configure:3280: $? = 0
configure:3296: result: yes
configure:3253: checking for unistd.h
configure:3274: gcc -c -g -O2  conftest.c >&5
configure:3280: $? = 0
configure:3296: result: yes
configure:3308: checking whether byte ordering is bigendian
configure:3341: gcc -c -g -O2  conftest.c >&5
configure:3347: $? = 0
configure:3379: gcc -c -g -O2  conftest.c >&5
conftest.c: In function 'main':
conftest.c:25: error: 'not' undeclared (first use in this function)
conftest.c:25: error: (Each undeclared identifier is reported only once
conftest.c:25: error: for each function it appears in.)
conftest.c:25: error: expected ';' before 'big'
configure:3385: $? = 1
configure: failed program was:
| /* confdefs.h.  */
| #define PACKAGE_NAME "difx2fits"
| #define PACKAGE_TARNAME "difx2fits"
| #define PACKAGE_VERSION "3.0"
| #define PACKAGE_STRING "difx2fits 3.0"
| #define PACKAGE_BUGREPORT "Walter Brisken <wbrisken@nrao.edu>"
| #define STDC_HEADERS 1
| #define HAVE_SYS_TYPES_H 1
| #define HAVE_SYS_STAT_H 1
| #define HAVE_STDLIB_H 1
| #define HAVE_STRING_H 1
| #define HAVE_MEMORY_H 1
| #define HAVE_STRINGS_H 1
| #define HAVE_INTTYPES_H 1
| #define HAVE_STDINT_H 1
| #define HAVE_UNISTD_H 1
| /* end confdefs.h.  */
| #include <sys/types.h>
| #include <sys/param.h>
| 
| int
| main ()
| {
| #if BYTE_ORDER != BIG_ENDIAN
|  not big endian
| #endif
| 
|   ;
|   return 0;
| }
configure:3525: result: no
configure:3590: checking for a BSD-compatible install
configure:3646: result: /usr/bin/install -c
configure:3657: checking whether build environment is sane
configure:3700: result: yes
configure:3765: checking for gawk
configure:3795: result: no
configure:3765: checking for mawk
configure:3781: found /usr/bin/mawk
configure:3792: result: mawk
configure:3803: checking whether make sets $(MAKE)
configure:3824: result: yes
configure:3854: checking for style of include used by make
configure:3882: result: GNU
configure:4074: checking dependency style of gcc
configure:4164: result: gcc3
configure:4231: checking for gcc
configure:4258: result: gcc
configure:4496: checking for C compiler version
configure:4503: gcc --version >&5
gcc (GCC) 4.1.2 20061115 (prerelease) (Debian 4.1.1-21)
Copyright (C) 2006 Free Software Foundation, Inc.
This is free software; see the source for copying conditions.  There is NO
warranty; not even for MERCHANTABILITY or FITNESS FOR A PARTICULAR PURPOSE.

configure:4506: $? = 0
configure:4513: gcc -v >&5
Using built-in specs.
Target: i486-linux-gnu
Configured with: ../src/configure -v --enable-languages=c,c++,fortran,objc,obj-c++,treelang --prefix=/usr --enable-shared --with-system-zlib --libexecdir=/usr/lib --without-included-gettext --enable-threads=posix --enable-nls --program-suffix=-4.1 --enable-__cxa_atexit --enable-clocale=gnu --enable-libstdcxx-debug --enable-mpfr --with-tune=i686 --enable-checking=release i486-linux-gnu
Thread model: posix
gcc version 4.1.2 20061115 (prerelease) (Debian 4.1.1-21)
configure:4516: $? = 0
configure:4523: gcc -V >&5
gcc: '-V' option must have argument
configure:4526: $? = 1
configure:4529: checking whether we are using the GNU C compiler
configure:4581: result: yes
configure:4586: checking whether gcc accepts -g
configure:4721: result: yes
configure:4738: checking for gcc option to accept ISO C89
configure:4841: result: none needed
configure:4859: checking whether build environment is sane
configure:4902: result: yes
configure:4906: checking for erf in -lm
configure:4941: gcc -o conftest -g -O2   conftest.c -lm   >&5
conftest.c:27: warning: conflicting types for built-in function 'erf'
configure:4947: $? = 0
configure:4965: result: yes
configure:5030: checking for pkg-config
configure:5048: found /usr/bin/pkg-config
configure:5060: result: /usr/bin/pkg-config
configure:5089: checking pkg-config is at least version 0.9.0
configure:5092: result: yes
configure:5103: checking for DIFXIO
configure:5111: $PKG_CONFIG --exists --print-errors "difxio >= 2.0"
configure:5114: $? = 0
configure:5129: $PKG_CONFIG --exists --print-errors "difxio >= 2.0"
configure:5132: $? = 0
configure:5208: result: yes
configure:5216: checking whether to enable fftw (default yes)
configure:5226: result: yes
configure:5232: checking for FFTW3
configure:5240: $PKG_CONFIG --exists --print-errors "fftw3"
configure:5243: $? = 0
configure:5258: $PKG_CONFIG --exists --print-errors "fftw3"
configure:5261: $? = 0
configure:5297: result: yes
configure:5468: creating ./config.status

## ---------------------- ##
## Running config.status. ##
## ---------------------- ##

This file was extended by difx2fits config.status 3.0, which was
generated by GNU Autoconf 2.61.  Invocation command line was

  CONFIG_FILES    = 
  CONFIG_HEADERS  = 
  CONFIG_LINKS    = 
  CONFIG_COMMANDS = 
  $ ./config.status 

on smm-pc

config.status:642: creating Makefile
config.status:642: creating src/Makefile
config.status:642: creating utils/Makefile
config.status:642: creating config.h
config.status:864: config.h is unchanged
config.status:910: executing depfiles commands

## ---------------- ##
## Cache variables. ##
## ---------------- ##

ac_cv_c_bigendian=no
ac_cv_c_compiler_gnu=yes
ac_cv_env_CC_set=
ac_cv_env_CC_value=
ac_cv_env_CFLAGS_set=
ac_cv_env_CFLAGS_value=
ac_cv_env_CPPFLAGS_set=
ac_cv_env_CPPFLAGS_value=
ac_cv_env_CPP_set=
ac_cv_env_CPP_value=
ac_cv_env_DIFXIO_CFLAGS_set=
ac_cv_env_DIFXIO_CFLAGS_value=
ac_cv_env_DIFXIO_LIBS_set=
ac_cv_env_DIFXIO_LIBS_value=
ac_cv_env_FFTW3_CFLAGS_set=
ac_cv_env_FFTW3_CFLAGS_value=
ac_cv_env_FFTW3_LIBS_set=
ac_cv_env_FFTW3_LIBS_value=
ac_cv_env_LDFLAGS_set=
ac_cv_env_LDFLAGS_value=
ac_cv_env_LIBS_set=
ac_cv_env_LIBS_value=
ac_cv_env_PKG_CONFIG_set=
ac_cv_env_PKG_CONFIG_value=
ac_cv_env_build_alias_set=
ac_cv_env_build_alias_value=
ac_cv_env_host_alias_set=
ac_cv_env_host_alias_value=
ac_cv_env_target_alias_set=
ac_cv_env_target_alias_value=
ac_cv_header_inttypes_h=yes
ac_cv_header_memory_h=yes
ac_cv_header_stdc=yes
ac_cv_header_stdint_h=yes
ac_cv_header_stdlib_h=yes
ac_cv_header_string_h=yes
ac_cv_header_strings_h=yes
ac_cv_header_sys_stat_h=yes
ac_cv_header_sys_types_h=yes
ac_cv_header_unistd_h=yes
ac_cv_lib_m_erf=yes
ac_cv_objext=o
ac_cv_path_EGREP='/bin/grep -E'
ac_cv_path_GREP=/bin/grep
ac_cv_path_ac_pt_PKG_CONFIG=/usr/bin/pkg-config
ac_cv_path_install='/usr/bin/install -c'
ac_cv_prog_AWK=mawk
ac_cv_prog_CPP='gcc -E'
ac_cv_prog_ac_ct_CC=gcc
ac_cv_prog_cc_c89=
ac_cv_prog_cc_g=yes
ac_cv_prog_make_make_set=yes
am_cv_CC_dependencies_compiler_type=gcc3
pkg_cv_DIFXIO_CFLAGS='-I/home/rjc/difx/include  '
pkg_cv_DIFXIO_LIBS='-L/home/rjc/difx/lib -ldifxio -lm  '
pkg_cv_FFTW3_CFLAGS=' '
pkg_cv_FFTW3_LIBS='-lfftw3 -lm  '

## ----------------- ##
## Output variables. ##
## ----------------- ##

ACLOCAL='${SHELL} /home/rjc/difx/applications/difx2mark4/trunk/missing --run aclocal-1.9'
AMDEPBACKSLASH='\'
AMDEP_FALSE='#'
AMDEP_TRUE=''
AMTAR='${SHELL} /home/rjc/difx/applications/difx2mark4/trunk/missing --run tar'
AUTOCONF='${SHELL} /home/rjc/difx/applications/difx2mark4/trunk/missing --run autoconf'
AUTOHEADER='${SHELL} /home/rjc/difx/applications/difx2mark4/trunk/missing --run autoheader'
AUTOMAKE='${SHELL} /home/rjc/difx/applications/difx2mark4/trunk/missing --run automake-1.9'
AWK='mawk'
CC='gcc'
CCDEPMODE='depmode=gcc3'
CFLAGS='-D_LARGE_FILE_SOURCE -D_GNU_SOURCE -D_FILE_OFFSET_BITS=64 -g -O2 -I/home/rjc/difx/include     '
CPP='gcc -E'
CPPFLAGS=''
CYGPATH_W='echo'
DEFS='-DHAVE_CONFIG_H'
DEPDIR='.deps'
DIFXIO_CFLAGS='-I/home/rjc/difx/include  '
DIFXIO_LIBS='-L/home/rjc/difx/lib -ldifxio -lm  '
ECHO_C=''
ECHO_N='-n'
ECHO_T=''
EGREP='/bin/grep -E'
EXEEXT=''
FFTW3_CFLAGS=' '
FFTW3_LIBS='-lfftw3 -lm  '
GREP='/bin/grep'
INSTALL_DATA='${INSTALL} -m 644'
INSTALL_PROGRAM='${INSTALL}'
INSTALL_SCRIPT='${INSTALL}'
INSTALL_STRIP_PROGRAM='${SHELL} $(install_sh) -c -s'
LDFLAGS=''
LIBOBJS=''
LIBS='-lm  -L/home/rjc/difx/lib -ldifxio -lm   -lfftw3 -lm  '
LTLIBOBJS=''
MAKEINFO='${SHELL} /home/rjc/difx/applications/difx2mark4/trunk/missing --run makeinfo'
OBJEXT='o'
PACKAGE='difx2fits'
PACKAGE_BUGREPORT='Walter Brisken <wbrisken@nrao.edu>'
PACKAGE_NAME='difx2fits'
PACKAGE_STRING='difx2fits 3.0'
PACKAGE_TARNAME='difx2fits'
PACKAGE_VERSION='3.0'
PATH_SEPARATOR=':'
PKG_CONFIG='/usr/bin/pkg-config'
SET_MAKE=''
SHELL='/bin/sh'
STRIP=''
VERSION='3.0'
WITH_FFTW_FALSE='#'
WITH_FFTW_TRUE=''
ac_ct_CC='gcc'
am__fastdepCC_FALSE='#'
am__fastdepCC_TRUE=''
am__include='include'
am__leading_dot='.'
am__quote=''
am__tar='${AMTAR} chof - "$$tardir"'
am__untar='${AMTAR} xf -'
bindir='${exec_prefix}/bin'
build_alias=''
datadir='${datarootdir}'
datarootdir='${prefix}/share'
docdir='${datarootdir}/doc/${PACKAGE_TARNAME}'
dvidir='${docdir}'
exec_prefix='${prefix}'
host_alias=''
htmldir='${docdir}'
includedir='${prefix}/include'
infodir='${datarootdir}/info'
install_sh='/home/rjc/difx/applications/difx2mark4/trunk/install-sh'
libdir='${exec_prefix}/lib'
libexecdir='${exec_prefix}/libexec'
localedir='${datarootdir}/locale'
localstatedir='${prefix}/var'
mandir='${datarootdir}/man'
mkdir_p='mkdir -p --'
oldincludedir='/usr/include'
pdfdir='${docdir}'
prefix='/home/rjc/difx'
program_transform_name='s,x,x,'
psdir='${docdir}'
sbindir='${exec_prefix}/sbin'
sharedstatedir='${prefix}/com'
sysconfdir='${prefix}/etc'
target_alias=''

## ----------- ##
## confdefs.h. ##
## ----------- ##

#define PACKAGE_NAME "difx2fits"
#define PACKAGE_TARNAME "difx2fits"
#define PACKAGE_VERSION "3.0"
#define PACKAGE_STRING "difx2fits 3.0"
#define PACKAGE_BUGREPORT "Walter Brisken <wbrisken@nrao.edu>"
#define STDC_HEADERS 1
#define HAVE_SYS_TYPES_H 1
#define HAVE_SYS_STAT_H 1
#define HAVE_STDLIB_H 1
#define HAVE_STRING_H 1
#define HAVE_MEMORY_H 1
#define HAVE_STRINGS_H 1
#define HAVE_INTTYPES_H 1
#define HAVE_STDINT_H 1
#define HAVE_UNISTD_H 1
#define PACKAGE "difx2fits"
#define VERSION "3.0"
#define HAVE_LIBM 1
#define HAVE_FFTW 1

configure: exit 0
