2451626.58333333     11 09 09.17 +33 32 24.8  0.0154041010  -5.02681
2451626.58402778     11 09 07.45 +33 33 06.0  0.0154020853  -5.02485
2451626.58472222     11 09 05.73 +33 33 47.3  0.0154000705  -5.02290
2451626.58541667     11 09 04.01 +33 34 28.6  0.0153980564  -5.02094
2451626.58611111     11 09 02.29 +33 35 09.9  0.0153960431  -5.01898
2451626.58680556     11 09 00.57 +33 35 51.2  0.0153940306  -5.01703
2451626.58750000     11 08 58.84 +33 36 32.6  0.0153920189  -5.01507
2451626.58819444     11 08 57.12 +33 37 13.9  0.0153900079  -5.01311
2451626.58888889     11 08 55.39 +33 37 55.2  0.0153879978  -5.01115
2451626.58958333     11 08 53.66 +33 38 36.6  0.0153859884  -5.00919
2451626.59027778     11 08 51.94 +33 39 17.9  0.0153839798  -5.00723
2451626.59097222     11 08 50.21 +33 39 59.3  0.0153819720  -5.00527
2451626.59166667     11 08 48.48 +33 40 40.7  0.0153799650  -5.00330
2451626.59236111     11 08 46.75 +33 41 22.1  0.0153779588  -5.00134
2451626.59305556     11 08 45.02 +33 42 03.5  0.0153759534  -4.99938
2451626.59375000     11 08 43.28 +33 42 44.9  0.0153739487  -4.99741
2451626.59444444     11 08 41.55 +33 43 26.3  0.0153719449  -4.99544
2451626.59513889     11 08 39.82 +33 44 07.7  0.0153699418  -4.99348
2451626.59583333     11 08 38.08 +33 44 49.1  0.0153679395  -4.99151
2451626.59652778     11 08 36.34 +33 45 30.6  0.0153659380  -4.98954
2451626.59722222     11 08 34.61 +33 46 12.0  0.0153639373  -4.98757
2451626.59791667     11 08 32.87 +33 46 53.5  0.0153619374  -4.98560
2451626.59861111     11 08 31.13 +33 47 35.0  0.0153599383  -4.98363
2451626.59930556     11 08 29.39 +33 48 16.4  0.0153579400  -4.98166
2451626.60000000     11 08 27.65 +33 48 57.9  0.0153559424  -4.97969
2451626.60069444     11 08 25.91 +33 49 39.4  0.0153539457  -4.97772
2451626.60138889     11 08 24.17 +33 50 20.9  0.0153519497  -4.97574
2451626.60208333     11 08 22.42 +33 51 02.4  0.0153499546  -4.97377
2451626.60277778     11 08 20.68 +33 51 44.0  0.0153479602  -4.97179
2451626.60347222     11 08 18.93 +33 52 25.5  0.0153459666  -4.96982
2451626.60416667     11 08 17.19 +33 53 07.0  0.0153439738  -4.96784
2451626.60486111     11 08 15.44 +33 53 48.6  0.0153419818  -4.96586
2451626.60555556     11 08 13.69 +33 54 30.2  0.0153399906  -4.96389
2451626.60625000     11 08 11.94 +33 55 11.7  0.0153380002  -4.96191
2451626.60694444     11 08 10.20 +33 55 53.3  0.0153360106  -4.95993
2451626.60763889     11 08 08.44 +33 56 34.9  0.0153340218  -4.95795
2451626.60833333     11 08 06.69 +33 57 16.5  0.0153320338  -4.95597
2451626.60902778     11 08 04.94 +33 57 58.1  0.0153300466  -4.95398
2451626.60972222     11 08 03.19 +33 58 39.7  0.0153280601  -4.95200
2451626.61041667     11 08 01.43 +33 59 21.3  0.0153260745  -4.95002
2451626.61111111     11 07 59.68 +34 00 03.0  0.0153240896  -4.94803
2451626.61180556     11 07 57.92 +34 00 44.6  0.0153221056  -4.94605
2451626.61250000     11 07 56.16 +34 01 26.3  0.0153201223  -4.94406
2451626.61319444     11 07 54.41 +34 02 07.9  0.0153181399  -4.94208
2451626.61388889     11 07 52.65 +34 02 49.6  0.0153161582  -4.94009
2451626.61458333     11 07 50.89 +34 03 31.3  0.0153141774  -4.93810
2451626.61527778     11 07 49.12 +34 04 13.0  0.0153121973  -4.93611
2451626.61597222     11 07 47.36 +34 04 54.7  0.0153102180  -4.93412
2451626.61666667     11 07 45.60 +34 05 36.4  0.0153082396  -4.93213
2451626.61736111     11 07 43.84 +34 06 18.1  0.0153062619  -4.93014
2451626.61805556     11 07 42.07 +34 06 59.8  0.0153042850  -4.92815
2451626.61875000     11 07 40.31 +34 07 41.6  0.0153023090  -4.92616
2451626.61944444     11 07 38.54 +34 08 23.3  0.0153003337  -4.92416
2451626.62013889     11 07 36.77 +34 09 05.1  0.0152983592  -4.92217
2451626.62083333     11 07 35.00 +34 09 46.8  0.0152963855  -4.92018
2451626.62152778     11 07 33.23 +34 10 28.6  0.0152944127  -4.91818
2451626.62222222     11 07 31.46 +34 11 10.4  0.0152924406  -4.91618
2451626.62291667     11 07 29.69 +34 11 52.2  0.0152904693  -4.91419
2451626.62361111     11 07 27.92 +34 12 34.0  0.0152884989  -4.91219
2451626.62430556     11 07 26.15 +34 13 15.8  0.0152865292  -4.91019
2451626.62500000     11 07 24.37 +34 13 57.6  0.0152845603  -4.90819
2451626.62569444     11 07 22.60 +34 14 39.4  0.0152825923  -4.90619
2451626.62638889     11 07 20.82 +34 15 21.3  0.0152806250  -4.90419
2451626.62708333     11 07 19.04 +34 16 03.1  0.0152786586  -4.90219
2451626.62777778     11 07 17.27 +34 16 45.0  0.0152766929  -4.90018
2451626.62847222     11 07 15.49 +34 17 26.8  0.0152747280  -4.89818
2451626.62916667     11 07 13.71 +34 18 08.7  0.0152727640  -4.89618
2451626.62986111     11 07 11.93 +34 18 50.6  0.0152708008  -4.89417
2451626.63055556     11 07 10.15 +34 19 32.5  0.0152688383  -4.89217
2451626.63125000     11 07 08.36 +34 20 14.4  0.0152668767  -4.89016
2451626.63194444     11 07 06.58 +34 20 56.3  0.0152649158  -4.88815
2451626.63263889     11 07 04.79 +34 21 38.2  0.0152629558  -4.88614
2451626.63333333     11 07 03.01 +34 22 20.1  0.0152609966  -4.88414
2451626.63402778     11 07 01.22 +34 23 02.1  0.0152590382  -4.88213
2451626.63472222     11 06 59.43 +34 23 44.0  0.0152570806  -4.88012
2451626.63541667     11 06 57.65 +34 24 26.0  0.0152551238  -4.87811
2451626.63611111     11 06 55.86 +34 25 07.9  0.0152531678  -4.87609
2451626.63680556     11 06 54.07 +34 25 49.9  0.0152512126  -4.87408
2451626.63750000     11 06 52.28 +34 26 31.9  0.0152492582  -4.87207
2451626.63819444     11 06 50.48 +34 27 13.9  0.0152473046  -4.87005
2451626.63888889     11 06 48.69 +34 27 55.9  0.0152453519  -4.86804
2451626.63958333     11 06 46.90 +34 28 37.9  0.0152433999  -4.86602
2451626.64027778     11 06 45.10 +34 29 19.9  0.0152414488  -4.86401
2451626.64097222     11 06 43.30 +34 30 01.9  0.0152394984  -4.86199
2451626.64166667     11 06 41.51 +34 30 44.0  0.0152375489  -4.85997
2451626.64236111     11 06 39.71 +34 31 26.0  0.0152356002  -4.85795
2451626.64305556     11 06 37.91 +34 32 08.1  0.0152336523  -4.85593
2451626.64375000     11 06 36.11 +34 32 50.1  0.0152317052  -4.85391
2451626.64444444     11 06 34.31 +34 33 32.2  0.0152297589  -4.85189
2451626.64513889     11 06 32.51 +34 34 14.3  0.0152278134  -4.84987
2451626.64583333     11 06 30.71 +34 34 56.4  0.0152258687  -4.84785
2451626.64652778     11 06 28.90 +34 35 38.5  0.0152239249  -4.84583
2451626.64722222     11 06 27.10 +34 36 20.6  0.0152219818  -4.84380
2451626.64791667     11 06 25.29 +34 37 02.7  0.0152200396  -4.84178
2451626.64861111     11 06 23.48 +34 37 44.8  0.0152180982  -4.83975
2451626.64930556     11 06 21.68 +34 38 27.0  0.0152161576  -4.83773
2451626.65000000     11 06 19.87 +34 39 09.1  0.0152142178  -4.83570
2451626.65069444     11 06 18.06 +34 39 51.3  0.0152122788  -4.83367
2451626.65138889     11 06 16.25 +34 40 33.4  0.0152103406  -4.83164
2451626.65208333     11 06 14.44 +34 41 15.6  0.0152084033  -4.82961
2451626.65277778     11 06 12.62 +34 41 57.8  0.0152064667  -4.82758
2451626.65347222     11 06 10.81 +34 42 40.0  0.0152045310  -4.82555
2451626.65416667     11 06 09.00 +34 43 22.2  0.0152025961  -4.82352
2451626.65486111     11 06 07.18 +34 44 04.4  0.0152006620  -4.82149
2451626.65555556     11 06 05.36 +34 44 46.6  0.0151987287  -4.81945
2451626.65625000     11 06 03.55 +34 45 28.8  0.0151967962  -4.81742
2451626.65694444     11 06 01.73 +34 46 11.1  0.0151948646  -4.81539
2451626.65763889     11 05 59.91 +34 46 53.3  0.0151929338  -4.81335
2451626.65833333     11 05 58.09 +34 47 35.6  0.0151910037  -4.81131
2451626.65902778     11 05 56.27 +34 48 17.8  0.0151890745  -4.80928
2451626.65972222     11 05 54.44 +34 49 00.1  0.0151871462  -4.80724
2451626.66041667     11 05 52.62 +34 49 42.4  0.0151852186  -4.80520
2451626.66111111     11 05 50.80 +34 50 24.7  0.0151832918  -4.80316
2451626.66180556     11 05 48.97 +34 51 07.0  0.0151813659  -4.80112
2451626.66250000     11 05 47.15 +34 51 49.3  0.0151794408  -4.79908
2451626.66319444     11 05 45.32 +34 52 31.6  0.0151775165  -4.79704
2451626.66388889     11 05 43.49 +34 53 13.9  0.0151755930  -4.79500
2451626.66458333     11 05 41.66 +34 53 56.3  0.0151736704  -4.79295
2451626.66527778     11 05 39.83 +34 54 38.6  0.0151717485  -4.79091
2451626.66597222     11 05 38.00 +34 55 21.0  0.0151698275  -4.78886
2451626.66666667     11 05 36.17 +34 56 03.3  0.0151679073  -4.78682